#
# There is insufficient memory for the Java Runtime Environment to continue.
# Native memory allocation (malloc) failed to allocate 1321936 bytes. Error detail: Chunk::new
# Possible reasons:
#   The system is out of physical RAM or swap space
#   This process is running with CompressedOops enabled, and the Java Heap may be blocking the growth of the native heap
# Possible solutions:
#   Reduce memory load on the system
#   Increase physical memory or swap space
#   Check if swap backing store is full
#   Decrease Java heap size (-Xmx/-Xms)
#   Decrease number of Java threads
#   Decrease Java thread stack sizes (-Xss)
#   Set larger code cache with -XX:ReservedCodeCacheSize=
#   JVM is running with Unscaled Compressed Oops mode in which the Java heap is
#     placed in the first 4GB address space. The Java Heap base address is the
#     maximum limit for the native heap growth. Please use -XX:HeapBaseMinAddress
#     to set the Java Heap base and to place the Java Heap above 4GB virtual address.
# This output file may be truncated or incomplete.
#
#  Out of Memory Error (arena.cpp:149), pid=4020, tid=16024
#
# JRE version: Java(TM) SE Runtime Environment (23.0.2+7) (build 23.0.2+7-58)
# Java VM: Java HotSpot(TM) 64-Bit Server VM (23.0.2+7-58, mixed mode, sharing, tiered, compressed oops, compressed class ptrs, g1 gc, windows-amd64)
# No core dump will be written. Minidumps are not enabled by default on client versions of Windows
#

---------------  S U M M A R Y ------------

Command Line: maestro.cli.AppKt studio

Host: AMD Ryzen 5 5500U with Radeon Graphics         , 12 cores, 7G,  Windows 11 , 64 bit Build 22621 (10.0.22621.4830)
Time: Tue Apr  1 14:50:11 2025 India Standard Time elapsed time: 56.126818 seconds (0d 0h 0m 56s)

---------------  T H R E A D  ---------------

Current thread (0x00000261f8387670):  JavaThread "C2 CompilerThread0" daemon [_thread_in_native, id=16024, stack(0x000000d539e00000,0x000000d539f00000) (1024K)]


Current CompileTask:
C2:56127 6113   !   4       io.netty.channel.AbstractChannelHandlerContext::invokeChannelReadComplete (79 bytes)

Stack: [0x000000d539e00000,0x000000d539f00000]
Native frames: (J=compiled Java code, j=interpreted, Vv=VM code, C=native code)
V  [jvm.dll+0x6e0b99]  (no source info available)
V  [jvm.dll+0x87e2b3]  (no source info available)
V  [jvm.dll+0x88073e]  (no source info available)
V  [jvm.dll+0x880e13]  (no source info available)
V  [jvm.dll+0x27b006]  (no source info available)
V  [jvm.dll+0xbc06f]  (no source info available)
V  [jvm.dll+0xbc2cb]  (no source info available)
V  [jvm.dll+0x3b3c22]  (no source info available)
V  [jvm.dll+0x1dc4ae]  (no source info available)
V  [jvm.dll+0x244ce5]  (no source info available)
V  [jvm.dll+0x243eff]  (no source info available)
V  [jvm.dll+0x1c34b0]  (no source info available)
V  [jvm.dll+0x253df1]  (no source info available)
V  [jvm.dll+0x2520aa]  (no source info available)
V  [jvm.dll+0x3ee226]  (no source info available)
V  [jvm.dll+0x8254cb]  (no source info available)
V  [jvm.dll+0x6df345]  (no source info available)
C  [ucrtbase.dll+0x29333]  (no source info available)
C  [KERNEL32.DLL+0x1259d]  (no source info available)
C  [ntdll.dll+0x5af38]  (no source info available)

Lock stack of current Java thread (top to bottom):


---------------  P R O C E S S  ---------------

Threads class SMR info:
_java_thread_list=0x00000261c8a0b2e0, length=59, elements={
0x00000261d933d7e0, 0x00000261f837b7f0, 0x00000261f837c3b0, 0x00000261f837f360,
0x00000261f837fef0, 0x00000261f8381b10, 0x00000261f8385430, 0x00000261f8387670,
0x00000261f8393550, 0x00000261f8384710, 0x00000261f8383360, 0x00000261f83839f0,
0x00000261c78296f0, 0x00000261c7830d10, 0x00000261c782f2d0, 0x00000261c782fff0,
0x00000261c782e5b0, 0x00000261c782a410, 0x00000261c7829d80, 0x00000261c782f960,
0x00000261c782c4e0, 0x00000261c782b130, 0x00000261c782b7c0, 0x00000261c782cb70,
0x00000261c782d890, 0x00000261c782aaa0, 0x00000261c782be50, 0x00000261c782d200,
0x00000261c782df20, 0x00000261c8488280, 0x00000261c848b700, 0x00000261c84861b0,
0x00000261c8488fa0, 0x00000261c8487560, 0x00000261c8489630, 0x00000261c8484770,
0x00000261c848a9e0, 0x00000261c8489cc0, 0x00000261c8487bf0, 0x00000261c8485490,
0x00000261c8485b20, 0x00000261c8488910, 0x00000261c848bd90, 0x00000261c8484e00,
0x00000261c848a350, 0x00000261c6297d40, 0x00000261c6295c70, 0x00000261c6296990,
0x00000261c6296300, 0x00000261c6291440, 0x00000261c62948c0, 0x00000261c62976b0,
0x00000261c6294f50, 0x00000261c6290db0, 0x00000261c62983d0, 0x00000261c62955e0,
0x00000261c6292160, 0x00000261c7b2d6a0, 0x00000261c62927f0
}

Java Threads: ( => current thread )
  0x00000261d933d7e0 JavaThread "main"                              [_thread_blocked, id=868, stack(0x000000d539000000,0x000000d539100000) (1024K)]
  0x00000261f837b7f0 JavaThread "Reference Handler"          daemon [_thread_blocked, id=10212, stack(0x000000d539800000,0x000000d539900000) (1024K)]
  0x00000261f837c3b0 JavaThread "Finalizer"                  daemon [_thread_blocked, id=4868, stack(0x000000d539900000,0x000000d539a00000) (1024K)]
  0x00000261f837f360 JavaThread "Signal Dispatcher"          daemon [_thread_blocked, id=20608, stack(0x000000d539a00000,0x000000d539b00000) (1024K)]
  0x00000261f837fef0 JavaThread "Attach Listener"            daemon [_thread_blocked, id=14972, stack(0x000000d539b00000,0x000000d539c00000) (1024K)]
  0x00000261f8381b10 JavaThread "Service Thread"             daemon [_thread_blocked, id=1224, stack(0x000000d539c00000,0x000000d539d00000) (1024K)]
  0x00000261f8385430 JavaThread "Monitor Deflation Thread"   daemon [_thread_blocked, id=17580, stack(0x000000d539d00000,0x000000d539e00000) (1024K)]
=>0x00000261f8387670 JavaThread "C2 CompilerThread0"         daemon [_thread_in_native, id=16024, stack(0x000000d539e00000,0x000000d539f00000) (1024K)]
  0x00000261f8393550 JavaThread "C1 CompilerThread0"         daemon [_thread_blocked, id=18120, stack(0x000000d539f00000,0x000000d53a000000) (1024K)]
  0x00000261f8384710 JavaThread "Notification Thread"        daemon [_thread_blocked, id=9100, stack(0x000000d53a000000,0x000000d53a100000) (1024K)]
  0x00000261f8383360 JavaThread "Common-Cleaner"             daemon [_thread_blocked, id=11020, stack(0x000000d53a100000,0x000000d53a200000) (1024K)]
  0x00000261f83839f0 JavaThread "pool-1-thread-1"            daemon [_thread_blocked, id=4456, stack(0x000000d53a900000,0x000000d53aa00000) (1024K)]
  0x00000261c78296f0 JavaThread "JNA Cleaner"                daemon [_thread_blocked, id=8388, stack(0x000000d53b000000,0x000000d53b100000) (1024K)]
  0x00000261c7830d10 JavaThread "OkHttp TaskRunner"          daemon [_thread_blocked, id=22908, stack(0x000000d53b100000,0x000000d53b200000) (1024K)]
  0x00000261c782f2d0 JavaThread "Okio Watchdog"              daemon [_thread_blocked, id=15692, stack(0x000000d53b200000,0x000000d53b300000) (1024K)]
  0x00000261c782fff0 JavaThread "pool-2-thread-1"                   [_thread_blocked, id=20436, stack(0x000000d53ac00000,0x000000d53ad00000) (1024K)]
  0x00000261c782e5b0 JavaThread "Thread-1"                          [_thread_in_native, id=3976, stack(0x000000d53b300000,0x000000d53b400000) (1024K)]
  0x00000261c782a410 JavaThread "DefaultDispatcher-worker-1" daemon [_thread_blocked, id=11660, stack(0x000000d53b400000,0x000000d53b500000) (1024K)]
  0x00000261c7829d80 JavaThread "DefaultDispatcher-worker-2" daemon [_thread_blocked, id=15336, stack(0x000000d53b500000,0x000000d53b600000) (1024K)]
  0x00000261c782f960 JavaThread "eventLoopGroupProxy-3-1"    daemon [_thread_in_native, id=22412, stack(0x000000d53b600000,0x000000d53b700000) (1024K)]
  0x00000261c782c4e0 JavaThread "Java2D Disposer"            daemon [_thread_blocked, id=16296, stack(0x000000d53b700000,0x000000d53b800000) (1024K)]
  0x00000261c782b130 JavaThread "AWT-Windows"                daemon [_thread_in_native, id=11032, stack(0x000000d53b900000,0x000000d53ba00000) (1024K)]
  0x00000261c782b7c0 JavaThread "Swing-Shell"                daemon [_thread_blocked, id=15424, stack(0x000000d53ba00000,0x000000d53bb00000) (1024K)]
  0x00000261c782cb70 JavaThread "eventLoopGroupProxy-4-1"    daemon [_thread_in_native, id=14840, stack(0x000000d53b800000,0x000000d53b900000) (1024K)]
  0x00000261c782d890 JavaThread "eventLoopGroupProxy-4-2"    daemon [_thread_in_native, id=22984, stack(0x000000d53bb00000,0x000000d53bc00000) (1024K)]
  0x00000261c782aaa0 JavaThread "eventLoopGroupProxy-5-1"    daemon [_thread_in_native, id=22244, stack(0x000000d53c000000,0x000000d53c100000) (1024K)]
  0x00000261c782be50 JavaThread "eventLoopGroupProxy-5-2"    daemon [_thread_in_native, id=22024, stack(0x000000d53c100000,0x000000d53c200000) (1024K)]
  0x00000261c782d200 JavaThread "eventLoopGroupProxy-4-3"    daemon [_thread_in_native, id=840, stack(0x000000d53c200000,0x000000d53c300000) (1024K)]
  0x00000261c782df20 JavaThread "eventLoopGroupProxy-5-3"    daemon [_thread_in_native, id=7364, stack(0x000000d53c300000,0x000000d53c400000) (1024K)]
  0x00000261c8488280 JavaThread "grpc-nio-worker-ELG-1-1"    daemon [_thread_in_native, id=3632, stack(0x000000d53c400000,0x000000d53c500000) (1024K)]
  0x00000261c848b700 JavaThread "grpc-default-executor-0"    daemon [_thread_blocked, id=16140, stack(0x000000d53c500000,0x000000d53c600000) (1024K)]
  0x00000261c84861b0 JavaThread "grpc-nio-worker-ELG-1-2"    daemon [_thread_in_native, id=11444, stack(0x000000d53c600000,0x000000d53c700000) (1024K)]
  0x00000261c8488fa0 JavaThread "grpc-nio-worker-ELG-1-3"    daemon [_thread_in_native, id=8340, stack(0x000000d53c700000,0x000000d53c800000) (1024K)]
  0x00000261c8487560 JavaThread "grpc-nio-worker-ELG-1-4"    daemon [_thread_in_native, id=2984, stack(0x000000d53c800000,0x000000d53c900000) (1024K)]
  0x00000261c8489630 JavaThread "pool-4-thread-1"                   [_thread_in_native, id=22640, stack(0x000000d53c900000,0x000000d53ca00000) (1024K)]
  0x00000261c8484770 JavaThread "Thread-5"                          [_thread_in_native, id=4064, stack(0x000000d53ca00000,0x000000d53cb00000) (1024K)]
  0x00000261c848a9e0 JavaThread "grpc-nio-worker-ELG-1-5"    daemon [_thread_in_native, id=4576, stack(0x000000d53cb00000,0x000000d53cc00000) (1024K)]
  0x00000261c8489cc0 JavaThread "eventLoopGroupProxy-4-4"    daemon [_thread_in_native, id=7272, stack(0x000000d53cc00000,0x000000d53cd00000) (1024K)]
  0x00000261c8487bf0 JavaThread "eventLoopGroupProxy-5-4"    daemon [_thread_in_native, id=20356, stack(0x000000d53cd00000,0x000000d53ce00000) (1024K)]
  0x00000261c8485490 JavaThread "grpc-nio-worker-ELG-1-6"    daemon [_thread_in_native, id=5152, stack(0x000000d53ce00000,0x000000d53cf00000) (1024K)]
  0x00000261c8485b20 JavaThread "grpc-nio-worker-ELG-1-7"    daemon [_thread_in_native, id=11720, stack(0x000000d53cf00000,0x000000d53d000000) (1024K)]
  0x00000261c8488910 JavaThread "grpc-nio-worker-ELG-1-8"    daemon [_thread_in_native, id=18684, stack(0x000000d53d000000,0x000000d53d100000) (1024K)]
  0x00000261c848bd90 JavaThread "grpc-nio-worker-ELG-1-9"    daemon [_thread_in_native, id=23548, stack(0x000000d53d100000,0x000000d53d200000) (1024K)]
  0x00000261c8484e00 JavaThread "eventLoopGroupProxy-4-5"    daemon [_thread_in_native, id=11236, stack(0x000000d53d200000,0x000000d53d300000) (1024K)]
  0x00000261c848a350 JavaThread "eventLoopGroupProxy-5-5"    daemon [_thread_in_native, id=10792, stack(0x000000d53d300000,0x000000d53d400000) (1024K)]
  0x00000261c6297d40 JavaThread "DefaultDispatcher-worker-3" daemon [_thread_blocked, id=15468, stack(0x000000d53d400000,0x000000d53d500000) (1024K)]
  0x00000261c6295c70 JavaThread "DefaultDispatcher-worker-4" daemon [_thread_blocked, id=12808, stack(0x000000d53d500000,0x000000d53d600000) (1024K)]
  0x00000261c6296990 JavaThread "DefaultDispatcher-worker-5" daemon [_thread_blocked, id=4428, stack(0x000000d53d600000,0x000000d53d700000) (1024K)]
  0x00000261c6296300 JavaThread "grpc-nio-worker-ELG-1-10"   daemon [_thread_in_native, id=8188, stack(0x000000d53d700000,0x000000d53d800000) (1024K)]
  0x00000261c6291440 JavaThread "grpc-nio-worker-ELG-1-11"   daemon [_thread_in_native, id=10272, stack(0x000000d53d800000,0x000000d53d900000) (1024K)]
  0x00000261c62948c0 JavaThread "grpc-nio-worker-ELG-1-12"   daemon [_thread_in_native, id=1016, stack(0x000000d53d900000,0x000000d53da00000) (1024K)]
  0x00000261c62976b0 JavaThread "eventLoopGroupProxy-4-6"    daemon [_thread_in_native, id=15380, stack(0x000000d53da00000,0x000000d53db00000) (1024K)]
  0x00000261c6294f50 JavaThread "eventLoopGroupProxy-5-6"    daemon [_thread_in_native, id=10656, stack(0x000000d53db00000,0x000000d53dc00000) (1024K)]
  0x00000261c6290db0 JavaThread "DefaultDispatcher-worker-6" daemon [_thread_blocked, id=14648, stack(0x000000d53dc00000,0x000000d53dd00000) (1024K)]
  0x00000261c62983d0 JavaThread "DefaultDispatcher-worker-7" daemon [_thread_blocked, id=16252, stack(0x000000d53dd00000,0x000000d53de00000) (1024K)]
  0x00000261c62955e0 JavaThread "eventLoopGroupProxy-4-7"    daemon [_thread_in_native, id=20040, stack(0x000000d53df00000,0x000000d53e000000) (1024K)]
  0x00000261c6292160 JavaThread "eventLoopGroupProxy-5-7"    daemon [_thread_in_native, id=18748, stack(0x000000d53e000000,0x000000d53e100000) (1024K)]
  0x00000261c7b2d6a0 JavaThread "C2 CompilerThread1"         daemon [_thread_in_native, id=10464, stack(0x000000d53de00000,0x000000d53df00000) (1024K)]
  0x00000261c62927f0 JavaThread "eventLoopGroupProxy-5-8"    daemon [_thread_in_native, id=4416, stack(0x000000d53e100000,0x000000d53e200000) (1024K)]
Total: 59

Other Threads:
  0x00000261f8361c50 VMThread "VM Thread"                           [id=16340, stack(0x000000d539700000,0x000000d539800000) (1024K)]
  0x00000261f834cea0 WatcherThread "VM Periodic Task Thread"        [id=12660, stack(0x000000d539600000,0x000000d539700000) (1024K)]
  0x00000261db6247f0 WorkerThread "GC Thread#0"                     [id=8828, stack(0x000000d539100000,0x000000d539200000) (1024K)]
  0x00000261c5f04b60 WorkerThread "GC Thread#1"                     [id=4552, stack(0x000000d53a200000,0x000000d53a300000) (1024K)]
  0x00000261c5ff4ff0 WorkerThread "GC Thread#2"                     [id=11428, stack(0x000000d53a300000,0x000000d53a400000) (1024K)]
  0x00000261c5eeafb0 WorkerThread "GC Thread#3"                     [id=21508, stack(0x000000d53a400000,0x000000d53a500000) (1024K)]
  0x00000261c605b890 WorkerThread "GC Thread#4"                     [id=17240, stack(0x000000d53a500000,0x000000d53a600000) (1024K)]
  0x00000261c605bc40 WorkerThread "GC Thread#5"                     [id=17152, stack(0x000000d53a600000,0x000000d53a700000) (1024K)]
  0x00000261c605bff0 WorkerThread "GC Thread#6"                     [id=4900, stack(0x000000d53a700000,0x000000d53a800000) (1024K)]
  0x00000261c605c3a0 WorkerThread "GC Thread#7"                     [id=22112, stack(0x000000d53a800000,0x000000d53a900000) (1024K)]
  0x00000261c669d080 WorkerThread "GC Thread#8"                     [id=18200, stack(0x000000d53aa00000,0x000000d53ab00000) (1024K)]
  0x00000261c669f700 WorkerThread "GC Thread#9"                     [id=4000, stack(0x000000d53ab00000,0x000000d53ac00000) (1024K)]
  0x00000261db637f10 ConcurrentGCThread "G1 Main Marker"            [id=2952, stack(0x000000d539200000,0x000000d539300000) (1024K)]
  0x00000261db638a20 WorkerThread "G1 Conc#0"                       [id=15476, stack(0x000000d539300000,0x000000d539400000) (1024K)]
  0x00000261c69018c0 WorkerThread "G1 Conc#1"                       [id=15044, stack(0x000000d53ad00000,0x000000d53ae00000) (1024K)]
  0x00000261c68fec80 WorkerThread "G1 Conc#2"                       [id=11368, stack(0x000000d53ae00000,0x000000d53af00000) (1024K)]
  0x00000261db67e930 ConcurrentGCThread "G1 Refine#0"               [id=11392, stack(0x000000d539400000,0x000000d539500000) (1024K)]
  0x00000261f821eb10 ConcurrentGCThread "G1 Service"                [id=4588, stack(0x000000d539500000,0x000000d539600000) (1024K)]
Total: 18

Threads with active compile tasks:
C2 CompilerThread0  56299 6113   !   4       io.netty.channel.AbstractChannelHandlerContext::invokeChannelReadComplete (79 bytes)
C2 CompilerThread1  56299 6112       4       io.netty.channel.AbstractChannelHandlerContext::invokeChannelReadComplete (55 bytes)
Total: 2

VM state: not at safepoint (normal execution)

VM Mutex/Monitor currently owned by a thread: None

Heap address: 0x000000008ac00000, size: 1876 MB, Compressed Oops mode: 32-bit

CDS archive(s) mapped at: [0x0000026180000000-0x0000026180d70000-0x0000026180d70000), size 14090240, SharedBaseAddress: 0x0000026180000000, ArchiveRelocationMode: 1.
Compressed class space mapped at: 0x0000026181000000-0x00000261c1000000, reserved size: 1073741824
Narrow klass base: 0x0000026180000000, Narrow klass shift: 0, Narrow klass range: 0x41000000

GC Precious Log:
 CardTable entry size: 512
 Card Set container configuration: InlinePtr #cards 5 size 8 Array Of Cards #cards 10 size 36 Howl #buckets 4 coarsen threshold 1843 Howl Bitmap #cards 512 size 80 coarsen threshold 460 Card regions per heap region 1 cards per card region 2048
 CPUs: 12 total, 12 available
 Memory: 7501M
 Large Page Support: Disabled
 NUMA Support: Disabled
 Compressed Oops: Enabled (32-bit)
 Heap Region Size: 1M
 Heap Min Capacity: 8M
 Heap Initial Capacity: 118M
 Heap Max Capacity: 1876M
 Pre-touch: Disabled
 Parallel Workers: 10
 Concurrent Workers: 3
 Concurrent Refinement Workers: 10
 Periodic GC: Disabled

Heap:
 garbage-first heap   total reserved 1921024K, committed 63488K, used 46743K [0x000000008ac00000, 0x0000000100000000)
  region size 1024K, 19 young (19456K), 2 survivors (2048K)
 Metaspace       used 49248K, committed 49536K, reserved 1114112K
  class space    used 5625K, committed 5760K, reserved 1048576K

Heap Regions: E=young(eden), S=young(survivor), O=old, HS=humongous(starts), HC=humongous(continues), CS=collection set, F=free, TAMS=top-at-mark-start, PB=parsable bottom
|   0|0x000000008ac00000, 0x000000008ad00000, 0x000000008ad00000|100%|HS|  |TAMS 0x000000008ac00000| PB 0x000000008ac00000| Complete |  0
|   1|0x000000008ad00000, 0x000000008ae00000, 0x000000008ae00000|100%|HS|  |TAMS 0x000000008ad00000| PB 0x000000008ad00000| Complete |  0
|   2|0x000000008ae00000, 0x000000008af00000, 0x000000008af00000|100%| O|  |TAMS 0x000000008ae00000| PB 0x000000008ae00000| Untracked |  0
|   3|0x000000008af00000, 0x000000008b000000, 0x000000008b000000|100%| O|  |TAMS 0x000000008af00000| PB 0x000000008af00000| Untracked |  0
|   4|0x000000008b000000, 0x000000008b100000, 0x000000008b100000|100%| O|  |TAMS 0x000000008b000000| PB 0x000000008b000000| Untracked |  0
|   5|0x000000008b100000, 0x000000008b200000, 0x000000008b200000|100%| O|  |TAMS 0x000000008b100000| PB 0x000000008b100000| Untracked |  0
|   6|0x000000008b200000, 0x000000008b300000, 0x000000008b300000|100%| O|  |TAMS 0x000000008b200000| PB 0x000000008b200000| Untracked |  0
|   7|0x000000008b300000, 0x000000008b400000, 0x000000008b400000|100%| O|  |TAMS 0x000000008b300000| PB 0x000000008b300000| Untracked |  0
|   8|0x000000008b400000, 0x000000008b500000, 0x000000008b500000|100%| O|  |TAMS 0x000000008b400000| PB 0x000000008b400000| Untracked |  0
|   9|0x000000008b500000, 0x000000008b600000, 0x000000008b600000|100%| O|  |TAMS 0x000000008b500000| PB 0x000000008b500000| Untracked |  0
|  10|0x000000008b600000, 0x000000008b700000, 0x000000008b700000|100%| O|  |TAMS 0x000000008b600000| PB 0x000000008b600000| Untracked |  0
|  11|0x000000008b700000, 0x000000008b800000, 0x000000008b800000|100%| O|  |TAMS 0x000000008b700000| PB 0x000000008b700000| Untracked |  0
|  12|0x000000008b800000, 0x000000008b900000, 0x000000008b900000|100%| O|  |TAMS 0x000000008b800000| PB 0x000000008b800000| Untracked |  0
|  13|0x000000008b900000, 0x000000008ba00000, 0x000000008ba00000|100%| O|  |TAMS 0x000000008b900000| PB 0x000000008b900000| Untracked |  0
|  14|0x000000008ba00000, 0x000000008bb00000, 0x000000008bb00000|100%| O|  |TAMS 0x000000008ba00000| PB 0x000000008ba00000| Untracked |  0
|  15|0x000000008bb00000, 0x000000008bc00000, 0x000000008bc00000|100%| O|  |TAMS 0x000000008bb00000| PB 0x000000008bb00000| Untracked |  0
|  16|0x000000008bc00000, 0x000000008bd00000, 0x000000008bd00000|100%| O|  |TAMS 0x000000008bc00000| PB 0x000000008bc00000| Untracked |  0
|  17|0x000000008bd00000, 0x000000008be00000, 0x000000008be00000|100%| O|  |TAMS 0x000000008bd00000| PB 0x000000008bd00000| Untracked |  0
|  18|0x000000008be00000, 0x000000008bf00000, 0x000000008bf00000|100%| O|  |TAMS 0x000000008be00000| PB 0x000000008be00000| Untracked |  0
|  19|0x000000008bf00000, 0x000000008bf895f0, 0x000000008c000000| 53%| O|  |TAMS 0x000000008bf00000| PB 0x000000008bf00000| Untracked |  0
|  20|0x000000008c000000, 0x000000008c000000, 0x000000008c100000|  0%| F|  |TAMS 0x000000008c000000| PB 0x000000008c000000| Untracked |  0
|  21|0x000000008c100000, 0x000000008c200000, 0x000000008c200000|100%| O|  |TAMS 0x000000008c100000| PB 0x000000008c100000| Untracked |  0
|  22|0x000000008c200000, 0x000000008c300000, 0x000000008c300000|100%| O|  |TAMS 0x000000008c200000| PB 0x000000008c200000| Untracked |  0
|  23|0x000000008c300000, 0x000000008c400000, 0x000000008c400000|100%| O|  |TAMS 0x000000008c300000| PB 0x000000008c300000| Untracked |  0
|  24|0x000000008c400000, 0x000000008c400000, 0x000000008c500000|  0%| F|  |TAMS 0x000000008c400000| PB 0x000000008c400000| Untracked |  0
|  25|0x000000008c500000, 0x000000008c600000, 0x000000008c600000|100%| O|Cm|TAMS 0x000000008c500000| PB 0x000000008c500000| Complete |  0
|  26|0x000000008c600000, 0x000000008c600000, 0x000000008c700000|  0%| F|  |TAMS 0x000000008c600000| PB 0x000000008c600000| Untracked |  0
|  27|0x000000008c700000, 0x000000008c800000, 0x000000008c800000|100%| O|  |TAMS 0x000000008c700000| PB 0x000000008c700000| Untracked |  0
|  28|0x000000008c800000, 0x000000008c900000, 0x000000008c900000|100%|HS|  |TAMS 0x000000008c800000| PB 0x000000008c800000| Complete |  0
|  29|0x000000008c900000, 0x000000008ca00000, 0x000000008ca00000|100%|HC|  |TAMS 0x000000008c900000| PB 0x000000008c900000| Complete |  0
|  30|0x000000008ca00000, 0x000000008cb00000, 0x000000008cb00000|100%|HS|  |TAMS 0x000000008ca00000| PB 0x000000008ca00000| Complete |  0
|  31|0x000000008cb00000, 0x000000008cc00000, 0x000000008cc00000|100%|HC|  |TAMS 0x000000008cb00000| PB 0x000000008cb00000| Complete |  0
|  32|0x000000008cc00000, 0x000000008cd00000, 0x000000008cd00000|100%| O|  |TAMS 0x000000008cc00000| PB 0x000000008cc00000| Untracked |  0
|  33|0x000000008cd00000, 0x000000008cd00000, 0x000000008ce00000|  0%| F|  |TAMS 0x000000008cd00000| PB 0x000000008cd00000| Untracked |  0
|  34|0x000000008ce00000, 0x000000008ce00000, 0x000000008cf00000|  0%| F|  |TAMS 0x000000008ce00000| PB 0x000000008ce00000| Untracked |  0
|  35|0x000000008cf00000, 0x000000008cf00000, 0x000000008d000000|  0%| F|  |TAMS 0x000000008cf00000| PB 0x000000008cf00000| Untracked |  0
|  36|0x000000008d000000, 0x000000008d000000, 0x000000008d100000|  0%| F|  |TAMS 0x000000008d000000| PB 0x000000008d000000| Untracked |  0
|  37|0x000000008d100000, 0x000000008d100000, 0x000000008d200000|  0%| F|  |TAMS 0x000000008d100000| PB 0x000000008d100000| Untracked |  0
|  38|0x000000008d200000, 0x000000008d200000, 0x000000008d300000|  0%| F|  |TAMS 0x000000008d200000| PB 0x000000008d200000| Untracked |  0
|  39|0x000000008d300000, 0x000000008d300000, 0x000000008d400000|  0%| F|  |TAMS 0x000000008d300000| PB 0x000000008d300000| Untracked |  0
|  40|0x000000008d400000, 0x000000008d400000, 0x000000008d500000|  0%| F|  |TAMS 0x000000008d400000| PB 0x000000008d400000| Untracked |  0
|  41|0x000000008d500000, 0x000000008d500000, 0x000000008d600000|  0%| F|  |TAMS 0x000000008d500000| PB 0x000000008d500000| Untracked |  0
|  42|0x000000008d600000, 0x000000008d600000, 0x000000008d700000|  0%| F|  |TAMS 0x000000008d600000| PB 0x000000008d600000| Untracked |  0
|  43|0x000000008d700000, 0x000000008d73f828, 0x000000008d800000| 24%| E|  |TAMS 0x000000008d700000| PB 0x000000008d700000| Complete |  0
|  44|0x000000008d800000, 0x000000008d900000, 0x000000008d900000|100%| E|CS|TAMS 0x000000008d800000| PB 0x000000008d800000| Complete |  0
|  45|0x000000008d900000, 0x000000008d9ffb98, 0x000000008da00000| 99%| E|  |TAMS 0x000000008d900000| PB 0x000000008d900000| Complete |  0
|  46|0x000000008da00000, 0x000000008db00000, 0x000000008db00000|100%| E|CS|TAMS 0x000000008da00000| PB 0x000000008da00000| Complete |  0
|  47|0x000000008db00000, 0x000000008dc00000, 0x000000008dc00000|100%| E|CS|TAMS 0x000000008db00000| PB 0x000000008db00000| Complete |  0
|  48|0x000000008dc00000, 0x000000008dd00000, 0x000000008dd00000|100%| E|CS|TAMS 0x000000008dc00000| PB 0x000000008dc00000| Complete |  0
|  49|0x000000008dd00000, 0x000000008de00000, 0x000000008de00000|100%| E|CS|TAMS 0x000000008dd00000| PB 0x000000008dd00000| Complete |  0
|  50|0x000000008de00000, 0x000000008df00000, 0x000000008df00000|100%| E|CS|TAMS 0x000000008de00000| PB 0x000000008de00000| Complete |  0
|  51|0x000000008df00000, 0x000000008e000000, 0x000000008e000000|100%| E|CS|TAMS 0x000000008df00000| PB 0x000000008df00000| Complete |  0
|  52|0x000000008e000000, 0x000000008e100000, 0x000000008e100000|100%| S|CS|TAMS 0x000000008e000000| PB 0x000000008e000000| Complete |  0
|  53|0x000000008e100000, 0x000000008e11c940, 0x000000008e200000| 11%| S|CS|TAMS 0x000000008e100000| PB 0x000000008e100000| Complete |  0
|  73|0x000000008f500000, 0x000000008f600000, 0x000000008f600000|100%| E|CS|TAMS 0x000000008f500000| PB 0x000000008f500000| Complete |  0
|  74|0x000000008f600000, 0x000000008f700000, 0x000000008f700000|100%| E|CS|TAMS 0x000000008f600000| PB 0x000000008f600000| Complete |  0
|  75|0x000000008f700000, 0x000000008f800000, 0x000000008f800000|100%| E|CS|TAMS 0x000000008f700000| PB 0x000000008f700000| Complete |  0
|  76|0x000000008f800000, 0x000000008f900000, 0x000000008f900000|100%| E|CS|TAMS 0x000000008f800000| PB 0x000000008f800000| Complete |  0
|  77|0x000000008f900000, 0x000000008fa00000, 0x000000008fa00000|100%| E|CS|TAMS 0x000000008f900000| PB 0x000000008f900000| Complete |  0
|  78|0x000000008fa00000, 0x000000008fb00000, 0x000000008fb00000|100%| E|CS|TAMS 0x000000008fa00000| PB 0x000000008fa00000| Complete |  0
| 117|0x0000000092100000, 0x0000000092200000, 0x0000000092200000|100%| E|CS|TAMS 0x0000000092100000| PB 0x0000000092100000| Complete |  0
|1875|0x00000000fff00000, 0x0000000100000000, 0x0000000100000000|100%| E|CS|TAMS 0x00000000fff00000| PB 0x00000000fff00000| Complete |  0

Card table byte_map: [0x00000261f3600000,0x00000261f39b0000] _byte_map_base: 0x00000261f31aa000

Marking Bits: (CMBitMap*) 0x00000261db624f00
 Bits: [0x00000261f39b0000, 0x00000261f5700000)

Polling page: 0x00000261d94a0000

Metaspace:

Usage:
  Non-class:     42.60 MB used.
      Class:      5.49 MB used.
       Both:     48.09 MB used.

Virtual space:
  Non-class space:       64.00 MB reserved,      42.75 MB ( 67%) committed,  1 nodes.
      Class space:        1.00 GB reserved,       5.62 MB ( <1%) committed,  1 nodes.
             Both:        1.06 GB reserved,      48.38 MB (  4%) committed. 

Chunk freelists:
   Non-Class:  4.58 MB
       Class:  10.20 MB
        Both:  14.78 MB

MaxMetaspaceSize: unlimited
CompressedClassSpaceSize: 1.00 GB
Initial GC threshold: 21.00 MB
Current GC threshold: 80.56 MB
CDS: on
 - commit_granule_bytes: 65536.
 - commit_granule_words: 8192.
 - virtual_space_node_default_size: 8388608.
 - enlarge_chunks_in_place: 1.
 - use_allocation_guard: 0.


Internal statistics:

num_allocs_failed_limit: 9.
num_arena_births: 334.
num_arena_deaths: 18.
num_vsnodes_births: 2.
num_vsnodes_deaths: 0.
num_space_committed: 773.
num_space_uncommitted: 0.
num_chunks_returned_to_freelist: 32.
num_chunks_taken_from_freelist: 1637.
num_chunk_merges: 11.
num_chunk_splits: 1289.
num_chunks_enlarged: 1108.
num_inconsistent_stats: 0.

CodeHeap 'non-profiled nmethods': size=120064Kb used=2023Kb max_used=2023Kb free=118041Kb
 bounds [0x00000261eb7c0000, 0x00000261eba30000, 0x00000261f2d00000]
CodeHeap 'profiled nmethods': size=120000Kb used=7716Kb max_used=7962Kb free=112283Kb
 bounds [0x00000261e3d00000, 0x00000261e44d0000, 0x00000261eb230000]
CodeHeap 'non-nmethods': size=5696Kb used=1840Kb max_used=1882Kb free=3855Kb
 bounds [0x00000261eb230000, 0x00000261eb4a0000, 0x00000261eb7c0000]
CodeCache: size=245760Kb, used=11579Kb, max_used=11867Kb, free=234179Kb
 total_blobs=6149, nmethods=5291, adapters=763, full_count=0
Compilation: enabled, stopped_count=0, restarted_count=0

Compilation events (20 events):
Event: 56.081 Thread 0x00000261f8393550 nmethod 6182 0x00000261e4327e08 code [0x00000261e4327f40, 0x00000261e43281d0]
Event: 56.082 Thread 0x00000261f8393550 6183       3       sun.misc.Unsafe::putShort (12 bytes)
Event: 56.082 Thread 0x00000261f8393550 nmethod 6183 0x00000261e4243708 code [0x00000261e4243840, 0x00000261e4243a28]
Event: 56.082 Thread 0x00000261f8393550 6184       1       io.netty.handler.codec.http2.Http2Headers$PseudoHeaderName::value (5 bytes)
Event: 56.082 Thread 0x00000261f8393550 nmethod 6184 0x00000261eb928408 code [0x00000261eb928520, 0x00000261eb9285e8]
Event: 56.082 Thread 0x00000261f8393550 6185       3       io.netty.util.AsciiString::contentEquals (107 bytes)
Event: 56.083 Thread 0x00000261f8393550 nmethod 6185 0x00000261e41b0188 code [0x00000261e41b0360, 0x00000261e41b0f10]
Event: 56.083 Thread 0x00000261f8393550 6186       3       io.netty.util.AsciiString::contentEquals (88 bytes)
Event: 56.084 Thread 0x00000261f8393550 nmethod 6186 0x00000261e423d108 code [0x00000261e423d2a0, 0x00000261e423da58]
Event: 56.106 Thread 0x00000261f8393550 6187       3       io.netty.channel.nio.AbstractNioChannel::selectionKey (26 bytes)
Event: 56.107 Thread 0x00000261f8393550 nmethod 6187 0x00000261e4237508 code [0x00000261e4237620, 0x00000261e4237740]
Event: 56.109 Thread 0x00000261f8393550 6188       3       kotlin.coroutines.CombinedContext::<init> (27 bytes)
Event: 56.110 Thread 0x00000261f8393550 nmethod 6188 0x00000261e424e488 code [0x00000261e424e680, 0x00000261e424f120]
Event: 56.110 Thread 0x00000261f8393550 6190       3       java.util.Date::<init> (10 bytes)
Event: 56.111 Thread 0x00000261f8393550 nmethod 6190 0x00000261e424d008 code [0x00000261e424d120, 0x00000261e424d288]
Event: 56.111 Thread 0x00000261f8393550 6189       3       io.ktor.server.routing.RootRouteSelector::toString (24 bytes)
Event: 56.111 Thread 0x00000261f8393550 nmethod 6189 0x00000261e4402a08 code [0x00000261e4402b40, 0x00000261e4402db8]
Event: 56.117 Thread 0x00000261f8393550 6191       3       kotlin.coroutines.CoroutineContext$Element$DefaultImpls::get (31 bytes)
Event: 56.118 Thread 0x00000261f8393550 nmethod 6191 0x00000261e3eeea08 code [0x00000261e3eeec20, 0x00000261e3eef820]
Event: 56.120 Thread 0x00000261f8393550 6192       3       io.netty.util.Recycler::get (76 bytes)

GC Heap History (20 events):
Event: 38.660 GC heap before
{Heap before GC invocations=10 (full 0):
 garbage-first heap   total reserved 1921024K, committed 59392K, used 49459K [0x000000008ac00000, 0x0000000100000000)
  region size 1024K, 24 young (24576K), 2 survivors (2048K)
 Metaspace       used 46375K, committed 46656K, reserved 1114112K
  class space    used 5324K, committed 5440K, reserved 1048576K
}
Event: 38.663 GC heap after
{Heap after GC invocations=11 (full 0):
 garbage-first heap   total reserved 1921024K, committed 59392K, used 26694K [0x000000008ac00000, 0x0000000100000000)
  region size 1024K, 2 young (2048K), 2 survivors (2048K)
 Metaspace       used 46375K, committed 46656K, reserved 1114112K
  class space    used 5324K, committed 5440K, reserved 1048576K
}
Event: 41.263 GC heap before
{Heap before GC invocations=11 (full 0):
 garbage-first heap   total reserved 1921024K, committed 59392K, used 49222K [0x000000008ac00000, 0x0000000100000000)
  region size 1024K, 25 young (25600K), 2 survivors (2048K)
 Metaspace       used 48750K, committed 49024K, reserved 1114112K
  class space    used 5615K, committed 5760K, reserved 1048576K
}
Event: 41.270 GC heap after
{Heap after GC invocations=12 (full 0):
 garbage-first heap   total reserved 1921024K, committed 59392K, used 29498K [0x000000008ac00000, 0x0000000100000000)
  region size 1024K, 4 young (4096K), 4 survivors (4096K)
 Metaspace       used 48750K, committed 49024K, reserved 1114112K
  class space    used 5615K, committed 5760K, reserved 1048576K
}
Event: 43.768 GC heap before
{Heap before GC invocations=12 (full 0):
 garbage-first heap   total reserved 1921024K, committed 59392K, used 31546K [0x000000008ac00000, 0x0000000100000000)
  region size 1024K, 7 young (7168K), 4 survivors (4096K)
 Metaspace       used 48849K, committed 49152K, reserved 1114112K
  class space    used 5615K, committed 5760K, reserved 1048576K
}
Event: 43.773 GC heap after
{Heap after GC invocations=13 (full 0):
 garbage-first heap   total reserved 1921024K, committed 59392K, used 29449K [0x000000008ac00000, 0x0000000100000000)
  region size 1024K, 1 young (1024K), 1 survivors (1024K)
 Metaspace       used 48849K, committed 49152K, reserved 1114112K
  class space    used 5615K, committed 5760K, reserved 1048576K
}
Event: 43.937 GC heap before
{Heap before GC invocations=14 (full 0):
 garbage-first heap   total reserved 1921024K, committed 61440K, used 54025K [0x000000008ac00000, 0x0000000100000000)
  region size 1024K, 20 young (20480K), 1 survivors (1024K)
 Metaspace       used 48859K, committed 49152K, reserved 1114112K
  class space    used 5614K, committed 5760K, reserved 1048576K
}
Event: 43.939 GC heap after
{Heap after GC invocations=15 (full 0):
 garbage-first heap   total reserved 1921024K, committed 61440K, used 31350K [0x000000008ac00000, 0x0000000100000000)
  region size 1024K, 1 young (1024K), 1 survivors (1024K)
 Metaspace       used 48859K, committed 49152K, reserved 1114112K
  class space    used 5614K, committed 5760K, reserved 1048576K
}
Event: 45.432 GC heap before
{Heap before GC invocations=15 (full 0):
 garbage-first heap   total reserved 1921024K, committed 61440K, used 50806K [0x000000008ac00000, 0x0000000100000000)
  region size 1024K, 21 young (21504K), 1 survivors (1024K)
 Metaspace       used 48966K, committed 49280K, reserved 1114112K
  class space    used 5614K, committed 5760K, reserved 1048576K
}
Event: 45.435 GC heap after
{Heap after GC invocations=16 (full 0):
 garbage-first heap   total reserved 1921024K, committed 61440K, used 31695K [0x000000008ac00000, 0x0000000100000000)
  region size 1024K, 2 young (2048K), 2 survivors (2048K)
 Metaspace       used 48966K, committed 49280K, reserved 1114112K
  class space    used 5614K, committed 5760K, reserved 1048576K
}
Event: 47.398 GC heap before
{Heap before GC invocations=16 (full 0):
 garbage-first heap   total reserved 1921024K, committed 61440K, used 33743K [0x000000008ac00000, 0x0000000100000000)
  region size 1024K, 5 young (5120K), 2 survivors (2048K)
 Metaspace       used 49007K, committed 49280K, reserved 1114112K
  class space    used 5614K, committed 5760K, reserved 1048576K
}
Event: 47.400 GC heap after
{Heap after GC invocations=17 (full 0):
 garbage-first heap   total reserved 1921024K, committed 61440K, used 31186K [0x000000008ac00000, 0x0000000100000000)
  region size 1024K, 1 young (1024K), 1 survivors (1024K)
 Metaspace       used 49007K, committed 49280K, reserved 1114112K
  class space    used 5614K, committed 5760K, reserved 1048576K
}
Event: 47.487 GC heap before
{Heap before GC invocations=18 (full 0):
 garbage-first heap   total reserved 1921024K, committed 61440K, used 53714K [0x000000008ac00000, 0x0000000100000000)
  region size 1024K, 21 young (21504K), 1 survivors (1024K)
 Metaspace       used 49013K, committed 49280K, reserved 1114112K
  class space    used 5614K, committed 5760K, reserved 1048576K
}
Event: 47.489 GC heap after
{Heap after GC invocations=19 (full 0):
 garbage-first heap   total reserved 1921024K, committed 61440K, used 29180K [0x000000008ac00000, 0x0000000100000000)
  region size 1024K, 1 young (1024K), 1 survivors (1024K)
 Metaspace       used 49013K, committed 49280K, reserved 1114112K
  class space    used 5614K, committed 5760K, reserved 1048576K
}
Event: 51.817 GC heap before
{Heap before GC invocations=19 (full 0):
 garbage-first heap   total reserved 1921024K, committed 61440K, used 51708K [0x000000008ac00000, 0x0000000100000000)
  region size 1024K, 24 young (24576K), 1 survivors (1024K)
 Metaspace       used 49098K, committed 49408K, reserved 1114112K
  class space    used 5615K, committed 5760K, reserved 1048576K
}
Event: 51.822 GC heap after
{Heap after GC invocations=20 (full 0):
 garbage-first heap   total reserved 1921024K, committed 61440K, used 28758K [0x000000008ac00000, 0x0000000100000000)
  region size 1024K, 1 young (1024K), 1 survivors (1024K)
 Metaspace       used 49098K, committed 49408K, reserved 1114112K
  class space    used 5615K, committed 5760K, reserved 1048576K
}
Event: 55.879 GC heap before
{Heap before GC invocations=20 (full 0):
 garbage-first heap   total reserved 1921024K, committed 61440K, used 35926K [0x000000008ac00000, 0x0000000100000000)
  region size 1024K, 10 young (10240K), 1 survivors (1024K)
 Metaspace       used 49150K, committed 49472K, reserved 1114112K
  class space    used 5615K, committed 5760K, reserved 1048576K
}
Event: 55.883 GC heap after
{Heap after GC invocations=21 (full 0):
 garbage-first heap   total reserved 1921024K, committed 61440K, used 29221K [0x000000008ac00000, 0x0000000100000000)
  region size 1024K, 1 young (1024K), 1 survivors (1024K)
 Metaspace       used 49150K, committed 49472K, reserved 1114112K
  class space    used 5615K, committed 5760K, reserved 1048576K
}
Event: 56.034 GC heap before
{Heap before GC invocations=22 (full 0):
 garbage-first heap   total reserved 1921024K, committed 61440K, used 59941K [0x000000008ac00000, 0x0000000100000000)
  region size 1024K, 26 young (26624K), 1 survivors (1024K)
 Metaspace       used 49157K, committed 49472K, reserved 1114112K
  class space    used 5615K, committed 5760K, reserved 1048576K
}
Event: 56.037 GC heap after
{Heap after GC invocations=23 (full 0):
 garbage-first heap   total reserved 1921024K, committed 63488K, used 31383K [0x000000008ac00000, 0x0000000100000000)
  region size 1024K, 2 young (2048K), 2 survivors (2048K)
 Metaspace       used 49157K, committed 49472K, reserved 1114112K
  class space    used 5615K, committed 5760K, reserved 1048576K
}

Dll operation events (14 events):
Event: 0.017 Loaded shared library C:\Program Files\Java\jdk-23\bin\java.dll
Event: 0.061 Loaded shared library C:\Program Files\Java\jdk-23\bin\jsvml.dll
Event: 0.150 Loaded shared library C:\Program Files\Java\jdk-23\bin\net.dll
Event: 0.153 Loaded shared library C:\Program Files\Java\jdk-23\bin\nio.dll
Event: 0.158 Loaded shared library C:\Program Files\Java\jdk-23\bin\zip.dll
Event: 0.492 Loaded shared library C:\Program Files\Java\jdk-23\bin\verify.dll
Event: 0.497 Loaded shared library C:\Program Files\Java\jdk-23\bin\jimage.dll
Event: 1.607 Loaded shared library C:\Program Files\Java\jdk-23\bin\sunmscapi.dll
Event: 2.569 Loaded shared library C:\Program Files\Java\jdk-23\bin\extnet.dll
Event: 2.606 Loaded shared library C:\Users\bala0\AppData\Local\Temp\jansi-2.4.1-7f6a0c9898d6967c-jansi.dll
Event: 2.742 Loaded shared library C:\Users\bala0\AppData\Local\Temp\jna-93501628\jna18374162774482887910.dll
Event: 3.252 Loaded shared library C:\Program Files\Java\jdk-23\bin\management.dll
Event: 3.263 Loaded shared library C:\Program Files\Java\jdk-23\bin\management_ext.dll
Event: 28.833 Loaded shared library C:\Program Files\Java\jdk-23\bin\awt.dll

Deoptimization events (20 events):
Event: 56.014 Thread 0x00000261c6297d40 DEOPT PACKING pc=0x00000261e425eeb1 sp=0x000000d53d4fe4b0
Event: 56.014 Thread 0x00000261c6297d40 DEOPT UNPACKING pc=0x00000261eb284b22 sp=0x000000d53d4fdab0 mode 0
Event: 56.019 Thread 0x00000261c6297d40 DEOPT PACKING pc=0x00000261e425eeb1 sp=0x000000d53d4fe4b0
Event: 56.019 Thread 0x00000261c6297d40 DEOPT UNPACKING pc=0x00000261eb284b22 sp=0x000000d53d4fdab0 mode 0
Event: 56.038 Thread 0x00000261c6297d40 DEOPT PACKING pc=0x00000261e425eeb1 sp=0x000000d53d4fe4b0
Event: 56.038 Thread 0x00000261c6297d40 DEOPT UNPACKING pc=0x00000261eb284b22 sp=0x000000d53d4fdab0 mode 0
Event: 56.041 Thread 0x00000261c6297d40 DEOPT PACKING pc=0x00000261e425eeb1 sp=0x000000d53d4fe4b0
Event: 56.041 Thread 0x00000261c6297d40 DEOPT UNPACKING pc=0x00000261eb284b22 sp=0x000000d53d4fdab0 mode 0
Event: 56.043 Thread 0x00000261c6297d40 DEOPT PACKING pc=0x00000261e425eeb1 sp=0x000000d53d4fe4b0
Event: 56.043 Thread 0x00000261c6297d40 DEOPT UNPACKING pc=0x00000261eb284b22 sp=0x000000d53d4fdab0 mode 0
Event: 56.046 Thread 0x00000261c6297d40 DEOPT PACKING pc=0x00000261e425eeb1 sp=0x000000d53d4fe4b0
Event: 56.046 Thread 0x00000261c6297d40 DEOPT UNPACKING pc=0x00000261eb284b22 sp=0x000000d53d4fdab0 mode 0
Event: 56.051 Thread 0x00000261c6297d40 DEOPT PACKING pc=0x00000261e425eeb1 sp=0x000000d53d4fe4b0
Event: 56.051 Thread 0x00000261c6297d40 DEOPT UNPACKING pc=0x00000261eb284b22 sp=0x000000d53d4fdab0 mode 0
Event: 56.054 Thread 0x00000261c6297d40 DEOPT PACKING pc=0x00000261e425eeb1 sp=0x000000d53d4fe4b0
Event: 56.054 Thread 0x00000261c6297d40 DEOPT UNPACKING pc=0x00000261eb284b22 sp=0x000000d53d4fdab0 mode 0
Event: 56.071 Thread 0x00000261c6297d40 Uncommon trap: trap_request=0xffffff45 fr.pc=0x00000261eb9afbbc relative=0x0000000000000bbc
Event: 56.071 Thread 0x00000261c6297d40 Uncommon trap: reason=unstable_if action=reinterpret pc=0x00000261eb9afbbc method=com.fasterxml.jackson.core.json.WriterBasedJsonGenerator._writeFieldName(Lcom/fasterxml/jackson/core/SerializableString;Z)V @ 24 c2
Event: 56.071 Thread 0x00000261c6297d40 DEOPT PACKING pc=0x00000261eb9afbbc sp=0x000000d53d4fe000
Event: 56.071 Thread 0x00000261c6297d40 DEOPT UNPACKING pc=0x00000261eb284402 sp=0x000000d53d4fded0 mode 2

Classes loaded (20 events):
Event: 38.689 Loading class sun/reflect/generics/tree/MethodTypeSignature
Event: 38.689 Loading class sun/reflect/generics/tree/MethodTypeSignature done
Event: 38.694 Loading class sun/reflect/generics/scope/ConstructorScope
Event: 38.694 Loading class sun/reflect/generics/scope/ConstructorScope done
Event: 38.694 Loading class sun/reflect/generics/tree/IntSignature
Event: 38.695 Loading class sun/reflect/generics/tree/IntSignature done
Event: 38.695 Loading class sun/reflect/generics/tree/VoidDescriptor
Event: 38.695 Loading class sun/reflect/generics/tree/VoidDescriptor done
Event: 38.833 Loading class java/io/NotSerializableException
Event: 38.834 Loading class java/io/NotSerializableException done
Event: 38.945 Loading class sun/reflect/annotation/TypeAnnotationParser
Event: 38.947 Loading class sun/reflect/annotation/TypeAnnotationParser done
Event: 38.947 Loading class sun/reflect/annotation/TypeAnnotation
Event: 38.947 Loading class sun/reflect/annotation/TypeAnnotation done
Event: 38.947 Loading class sun/reflect/annotation/TypeAnnotation$TypeAnnotationTarget
Event: 38.948 Loading class sun/reflect/annotation/TypeAnnotation$TypeAnnotationTarget done
Event: 39.014 Loading class java/lang/reflect/Executable$ParameterData
Event: 39.014 Loading class java/lang/reflect/Executable$ParameterData done
Event: 39.260 Loading class java/util/ConcurrentModificationException
Event: 39.261 Loading class java/util/ConcurrentModificationException done

Classes unloaded (9 events):
Event: 28.703 Thread 0x00000261f8361c50 Unloading class 0x0000026181284c00 'java/lang/invoke/LambdaForm$MH+0x0000026181284c00'
Event: 28.703 Thread 0x00000261f8361c50 Unloading class 0x0000026181283400 'java/lang/invoke/LambdaForm$MH+0x0000026181283400'
Event: 28.703 Thread 0x00000261f8361c50 Unloading class 0x0000026181282c00 'java/lang/invoke/LambdaForm$MH+0x0000026181282c00'
Event: 28.703 Thread 0x00000261f8361c50 Unloading class 0x0000026181282400 'java/lang/invoke/LambdaForm$MH+0x0000026181282400'
Event: 28.703 Thread 0x00000261f8361c50 Unloading class 0x0000026181281c00 'java/lang/invoke/LambdaForm$BMH+0x0000026181281c00'
Event: 28.703 Thread 0x00000261f8361c50 Unloading class 0x0000026181281800 'java/lang/invoke/LambdaForm$DMH+0x0000026181281800'
Event: 28.703 Thread 0x00000261f8361c50 Unloading class 0x0000026181280c00 'java/lang/invoke/LambdaForm$MH+0x0000026181280c00'
Event: 28.703 Thread 0x00000261f8361c50 Unloading class 0x0000026181280400 'java/lang/invoke/LambdaForm$DMH+0x0000026181280400'
Event: 43.798 Thread 0x00000261f8361c50 Unloading class 0x00000261814c1400 'java/lang/invoke/LambdaForm$DMH+0x00000261814c1400'

Classes redefined (0 events):
No events

Internal exceptions (20 events):
Event: 28.465 Thread 0x00000261d933d7e0 Exception <a 'java/lang/ExceptionInInitializerError'{0x000000008d878aa0}> (0x000000008d878aa0) 
thrown [s\open\src\hotspot\share\oops\instanceKlass.cpp, line 1241]
Event: 28.623 Thread 0x00000261d933d7e0 Exception <a 'java/lang/NoSuchMethodError'{0x000000008d76bdc0}: 'java.lang.Object java.lang.invoke.DirectMethodHandle$Holder.invokeStatic(java.lang.Object, long, java.lang.Object)'> (0x000000008d76bdc0) 
thrown [s\open\src\hotspot\share\interpreter\linkResolver.cpp, line 796]
Event: 28.623 Thread 0x00000261d933d7e0 Exception <a 'java/lang/NoSuchMethodError'{0x000000008d76f460}: 'java.lang.Object java.lang.invoke.DirectMethodHandle$Holder.invokeStaticInit(java.lang.Object, long, java.lang.Object)'> (0x000000008d76f460) 
thrown [s\open\src\hotspot\share\interpreter\linkResolver.cpp, line 796]
Event: 28.624 Thread 0x00000261d933d7e0 Exception <a 'java/lang/NoSuchMethodError'{0x000000008d774b38}: 'java.lang.Object java.lang.invoke.DirectMethodHandle$Holder.newInvokeSpecial(java.lang.Object, long)'> (0x000000008d774b38) 
thrown [s\open\src\hotspot\share\interpreter\linkResolver.cpp, line 796]
Event: 28.625 Thread 0x00000261d933d7e0 Exception <a 'java/lang/NoSuchMethodError'{0x000000008d77a3c8}: 'long java.lang.invoke.DelegatingMethodHandle$Holder.reinvoke_L(java.lang.Object, java.lang.Object)'> (0x000000008d77a3c8) 
thrown [s\open\src\hotspot\share\interpreter\linkResolver.cpp, line 796]
Event: 28.809 Thread 0x00000261d933d7e0 Exception <a 'java/lang/ClassNotFoundException'{0x000000008f7d9d08}: sun/awt/resources/spi/awtProvider> (0x000000008f7d9d08) 
thrown [s\open\src\hotspot\share\classfile\systemDictionary.cpp, line 313]
Event: 28.846 Thread 0x00000261d933d7e0 Exception <a 'java/io/FileNotFoundException'{0x000000008f6164c8}> (0x000000008f6164c8) 
thrown [s\open\src\hotspot\share\prims\jni.cpp, line 520]
Event: 28.853 Thread 0x00000261d933d7e0 Exception <a 'java/io/FileNotFoundException'{0x000000008f644498}> (0x000000008f644498) 
thrown [s\open\src\hotspot\share\prims\jni.cpp, line 520]
Event: 30.669 Thread 0x00000261c782cb70 Exception <a 'java/lang/NoSuchMethodError'{0x000000008d204448}: 'java.lang.Object java.lang.invoke.DirectMethodHandle$Holder.newInvokeSpecial(java.lang.Object, int, java.lang.Object, java.lang.Object)'> (0x000000008d204448) 
thrown [s\open\src\hotspot\share\interpreter\linkResolver.cpp, line 796]
Event: 30.670 Thread 0x00000261c782cb70 Exception <a 'java/lang/NoSuchMethodError'{0x000000008d2082e0}: 'java.lang.Object java.lang.invoke.DirectMethodHandle$Holder.invokeSpecial(java.lang.Object, java.lang.Object, int, java.lang.Object, java.lang.Object)'> (0x000000008d2082e0) 
thrown [s\open\src\hotspot\share\interpreter\linkResolver.cpp, line 796]
Event: 31.249 Thread 0x00000261c782aaa0 Exception <a 'sun/nio/fs/WindowsException'{0x000000008d1098a0}> (0x000000008d1098a0) 
thrown [s\open\src\hotspot\share\prims\jni.cpp, line 520]
Event: 31.252 Thread 0x00000261c782aaa0 Exception <a 'sun/nio/fs/WindowsException'{0x000000008d10a1e0}> (0x000000008d10a1e0) 
thrown [s\open\src\hotspot\share\prims\jni.cpp, line 520]
Event: 31.268 Thread 0x00000261c782aaa0 Exception <a 'java/lang/NoSuchMethodError'{0x000000008d1512e0}: 'void java.lang.invoke.DirectMethodHandle$Holder.invokeSpecial(java.lang.Object, java.lang.Object, java.lang.Object, java.lang.Object, java.lang.Object)'> (0x000000008d1512e0) 
thrown [s\open\src\hotspot\share\interpreter\linkResolver.cpp, line 796]
Event: 31.268 Thread 0x00000261c782be50 Exception <a 'java/lang/NoSuchMethodError'{0x000000008d138938}: 'void java.lang.invoke.DirectMethodHandle$Holder.invokeSpecial(java.lang.Object, java.lang.Object, java.lang.Object, java.lang.Object, java.lang.Object)'> (0x000000008d138938) 
thrown [s\open\src\hotspot\share\interpreter\linkResolver.cpp, line 796]
Event: 31.826 Thread 0x00000261c782a410 Exception <a 'java/lang/NoSuchMethodError'{0x000000008cc7b830}: 'void java.lang.invoke.DirectMethodHandle$Holder.invokeVirtual(java.lang.Object, java.lang.Object, long)'> (0x000000008cc7b830) 
thrown [s\open\src\hotspot\share\interpreter\linkResolver.cpp, line 796]
Event: 31.827 Thread 0x00000261c782a410 Exception <a 'java/lang/NoSuchMethodError'{0x000000008cc7eff0}: 'long java.lang.invoke.DirectMethodHandle$Holder.invokeStatic(java.lang.Object, java.lang.Object, int)'> (0x000000008cc7eff0) 
thrown [s\open\src\hotspot\share\interpreter\linkResolver.cpp, line 796]
Event: 31.832 Thread 0x00000261c782a410 Exception <a 'java/lang/NoSuchMethodError'{0x000000008cca1888}: 'void java.lang.invoke.DelegatingMethodHandle$Holder.reinvoke_L(java.lang.Object, java.lang.Object, long)'> (0x000000008cca1888) 
thrown [s\open\src\hotspot\share\interpreter\linkResolver.cpp, line 796]
Event: 38.914 Thread 0x00000261c782a410 Exception <a 'java/lang/NoSuchMethodError'{0x000000008da11d90}: method resolution failed> (0x000000008da11d90) 
thrown [s\open\src\hotspot\share\prims\methodHandles.cpp, line 1145]
Event: 38.919 Thread 0x00000261c782a410 Exception <a 'java/lang/NoSuchMethodError'{0x000000008da1c868}: 'java.lang.Object java.lang.invoke.Invokers$Holder.invokeExact_MT(java.lang.Object, java.lang.Object, java.lang.Object, java.lang.Object, java.lang.Object)'> (0x000000008da1c868) 
thrown [s\open\src\hotspot\share\interpreter\linkResolver.cpp, line 796]
Event: 39.140 Thread 0x00000261c782a410 Implicit null exception at 0x00000261eb80f368 to 0x00000261eb80f550

VM Operations (20 events):
Event: 45.432 Executing VM operation: G1CollectForAllocation (G1 Evacuation Pause)
Event: 45.435 Executing VM operation: G1CollectForAllocation (G1 Evacuation Pause) done
Event: 47.398 Executing VM operation: G1TryInitiateConcMark (G1 Humongous Allocation)
Event: 47.400 Executing VM operation: G1TryInitiateConcMark (G1 Humongous Allocation) done
Event: 47.420 Executing VM operation: G1PauseRemark
Event: 47.424 Executing VM operation: G1PauseRemark done
Event: 47.429 Executing VM operation: G1PauseCleanup
Event: 47.429 Executing VM operation: G1PauseCleanup done
Event: 47.487 Executing VM operation: G1CollectForAllocation (G1 Evacuation Pause)
Event: 47.489 Executing VM operation: G1CollectForAllocation (G1 Evacuation Pause) done
Event: 51.817 Executing VM operation: G1CollectForAllocation (G1 Evacuation Pause)
Event: 51.822 Executing VM operation: G1CollectForAllocation (G1 Evacuation Pause) done
Event: 55.879 Executing VM operation: G1TryInitiateConcMark (G1 Humongous Allocation)
Event: 55.883 Executing VM operation: G1TryInitiateConcMark (G1 Humongous Allocation) done
Event: 55.905 Executing VM operation: G1PauseRemark
Event: 55.909 Executing VM operation: G1PauseRemark done
Event: 55.915 Executing VM operation: G1PauseCleanup
Event: 55.915 Executing VM operation: G1PauseCleanup done
Event: 56.034 Executing VM operation: G1CollectForAllocation (G1 Evacuation Pause)
Event: 56.038 Executing VM operation: G1CollectForAllocation (G1 Evacuation Pause) done

Memory protections (0 events):
No events

Nmethod flushes (20 events):
Event: 55.908 Thread 0x00000261f8361c50 flushing  nmethod 0x00000261e4300a88
Event: 55.908 Thread 0x00000261f8361c50 flushing  nmethod 0x00000261e43d1188
Event: 55.908 Thread 0x00000261f8361c50 flushing  nmethod 0x00000261e4439c88
Event: 55.908 Thread 0x00000261f8361c50 flushing  nmethod 0x00000261e443b608
Event: 55.908 Thread 0x00000261f8361c50 flushing  nmethod 0x00000261e418d608
Event: 55.908 Thread 0x00000261f8361c50 flushing  nmethod 0x00000261e4279208
Event: 55.908 Thread 0x00000261f8361c50 flushing  nmethod 0x00000261e4327e08
Event: 55.908 Thread 0x00000261f8361c50 flushing  nmethod 0x00000261e43f3388
Event: 55.908 Thread 0x00000261f8361c50 flushing  nmethod 0x00000261e4004f08
Event: 55.908 Thread 0x00000261f8361c50 flushing  nmethod 0x00000261e41bd608
Event: 55.908 Thread 0x00000261f8361c50 flushing  nmethod 0x00000261e41be008
Event: 55.908 Thread 0x00000261f8361c50 flushing  nmethod 0x00000261e41c1688
Event: 55.908 Thread 0x00000261f8361c50 flushing  nmethod 0x00000261e43e2c88
Event: 55.908 Thread 0x00000261f8361c50 flushing  nmethod 0x00000261e429ff08
Event: 55.908 Thread 0x00000261f8361c50 flushing  nmethod 0x00000261e42a6408
Event: 55.908 Thread 0x00000261f8361c50 flushing  nmethod 0x00000261e42a6c08
Event: 55.908 Thread 0x00000261f8361c50 flushing  nmethod 0x00000261e42a7608
Event: 55.908 Thread 0x00000261f8361c50 flushing  nmethod 0x00000261e42a7908
Event: 55.908 Thread 0x00000261f8361c50 flushing  nmethod 0x00000261e42a8388
Event: 55.908 Thread 0x00000261f8361c50 flushing  nmethod 0x00000261e4417288

Events (20 events):
Event: 39.529 Thread 0x00000261c7829d80 Thread added: 0x00000261c8488910
Event: 39.706 Thread 0x00000261c7829d80 Thread added: 0x00000261c848bd90
Event: 39.801 Thread 0x00000261c782f960 Thread added: 0x00000261c8484e00
Event: 39.804 Thread 0x00000261c8484e00 Thread added: 0x00000261c848a350
Event: 39.829 Thread 0x00000261c782a410 Thread added: 0x00000261c6297d40
Event: 39.829 Thread 0x00000261c782a410 Thread added: 0x00000261c6295c70
Event: 39.841 Thread 0x00000261c6295c70 Thread added: 0x00000261c6296990
Event: 41.299 Thread 0x00000261c7829d80 Thread added: 0x00000261c6296300
Event: 43.791 Thread 0x00000261c7829d80 Thread added: 0x00000261c6291440
Event: 44.030 Thread 0x00000261c7829d80 Thread added: 0x00000261c62948c0
Event: 44.083 Thread 0x00000261c782f960 Thread added: 0x00000261c62976b0
Event: 44.085 Thread 0x00000261c62976b0 Thread added: 0x00000261c6294f50
Event: 44.149 Thread 0x00000261c782a410 Thread added: 0x00000261c6290db0
Event: 44.180 Thread 0x00000261c6290db0 Thread added: 0x00000261c62983d0
Event: 51.815 Thread 0x00000261f8387670 Thread added: 0x00000261c7b2d6a0
Event: 51.869 Thread 0x00000261c782f960 Thread added: 0x00000261c62955e0
Event: 51.871 Thread 0x00000261c62955e0 Thread added: 0x00000261c6292160
Event: 53.741 Thread 0x00000261c7b2d6a0 Thread exited: 0x00000261c7b2d6a0
Event: 55.858 Thread 0x00000261f8393550 Thread added: 0x00000261c7b2d6a0
Event: 56.107 Thread 0x00000261c782cb70 Thread added: 0x00000261c62927f0


Dynamic libraries:
0x00007ff622ff0000 - 0x00007ff623000000 	C:\Program Files\Java\jdk-23\bin\java.exe
0x00007ffa016d0000 - 0x00007ffa018e7000 	C:\windows\SYSTEM32\ntdll.dll
0x00007ffa00a60000 - 0x00007ffa00b24000 	C:\windows\System32\KERNEL32.DLL
0x00007ff9fec70000 - 0x00007ff9ff040000 	C:\windows\System32\KERNELBASE.dll
0x00007ff9fead0000 - 0x00007ff9febe1000 	C:\windows\System32\ucrtbase.dll
0x00007ff9d2830000 - 0x00007ff9d2847000 	C:\Program Files\Java\jdk-23\bin\jli.dll
0x00007ff9d4f90000 - 0x00007ff9d4fab000 	C:\Program Files\Java\jdk-23\bin\VCRUNTIME140.dll
0x00007ff9ffeb0000 - 0x00007ffa0005e000 	C:\windows\System32\USER32.dll
0x00007ff9fea20000 - 0x00007ff9fea46000 	C:\windows\System32\win32u.dll
0x00007ff9e5270000 - 0x00007ff9e5502000 	C:\windows\WinSxS\amd64_microsoft.windows.common-controls_6595b64144ccf1df_6.0.22621.4830_none_270fe7d773858e80\COMCTL32.dll
0x00007ffa01490000 - 0x00007ffa01537000 	C:\windows\System32\msvcrt.dll
0x00007ff9ff540000 - 0x00007ff9ff569000 	C:\windows\System32\GDI32.dll
0x00007ff9ff070000 - 0x00007ff9ff18b000 	C:\windows\System32\gdi32full.dll
0x00007ff9fe980000 - 0x00007ff9fea1a000 	C:\windows\System32\msvcp_win.dll
0x00007ffa00320000 - 0x00007ffa00351000 	C:\windows\System32\IMM32.DLL
0x00007ff9e28e0000 - 0x00007ff9e28ec000 	C:\Program Files\Java\jdk-23\bin\vcruntime140_1.dll
0x00007ff9af440000 - 0x00007ff9af4ce000 	C:\Program Files\Java\jdk-23\bin\msvcp140.dll
0x00007ff97e7d0000 - 0x00007ff97f520000 	C:\Program Files\Java\jdk-23\bin\server\jvm.dll
0x00007ffa000b0000 - 0x00007ffa00161000 	C:\windows\System32\ADVAPI32.dll
0x00007ff9ffde0000 - 0x00007ff9ffe87000 	C:\windows\System32\sechost.dll
0x00007ff9ff040000 - 0x00007ff9ff068000 	C:\windows\System32\bcrypt.dll
0x00007ffa00550000 - 0x00007ffa00664000 	C:\windows\System32\RPCRT4.dll
0x00007ff9ff570000 - 0x00007ff9ff5e1000 	C:\windows\System32\WS2_32.dll
0x00007ff9f5ed0000 - 0x00007ff9f5eda000 	C:\windows\SYSTEM32\VERSION.dll
0x00007ff9f77b0000 - 0x00007ff9f77e4000 	C:\windows\SYSTEM32\WINMM.dll
0x00007ff9fe6a0000 - 0x00007ff9fe6ed000 	C:\windows\SYSTEM32\POWRPROF.dll
0x00007ff9fe680000 - 0x00007ff9fe693000 	C:\windows\SYSTEM32\UMPDC.dll
0x00007ff9fd9c0000 - 0x00007ff9fd9d8000 	C:\windows\SYSTEM32\kernel.appcore.dll
0x00007ff9d68b0000 - 0x00007ff9d68ba000 	C:\Program Files\Java\jdk-23\bin\jimage.dll
0x00007ff9f3df0000 - 0x00007ff9f4022000 	C:\windows\SYSTEM32\DBGHELP.DLL
0x00007ffa006d0000 - 0x00007ffa00a60000 	C:\windows\System32\combase.dll
0x00007ffa00b30000 - 0x00007ffa00c07000 	C:\windows\System32\OLEAUT32.dll
0x00007ff9f1560000 - 0x00007ff9f1592000 	C:\windows\SYSTEM32\dbgcore.DLL
0x00007ff9fea50000 - 0x00007ff9feacb000 	C:\windows\System32\bcryptPrimitives.dll
0x00007ff9d1ca0000 - 0x00007ff9d1cbe000 	C:\Program Files\Java\jdk-23\bin\java.dll
0x00007ffa00170000 - 0x00007ffa00311000 	C:\windows\System32\ole32.dll
0x00007ffa00c10000 - 0x00007ffa01488000 	C:\windows\System32\SHELL32.dll
0x00007ff9fc890000 - 0x00007ff9fd1a0000 	C:\windows\SYSTEM32\windows.storage.dll
0x00007ff9fc750000 - 0x00007ff9fc88f000 	C:\windows\SYSTEM32\wintypes.dll
0x00007ff9ff5f0000 - 0x00007ff9ff6fa000 	C:\windows\System32\SHCORE.dll
0x00007ffa00670000 - 0x00007ffa006ce000 	C:\windows\System32\shlwapi.dll
0x00007ff9fe8b0000 - 0x00007ff9fe8db000 	C:\windows\SYSTEM32\profapi.dll
0x00007ff9ae510000 - 0x00007ff9ae5e7000 	C:\Program Files\Java\jdk-23\bin\jsvml.dll
0x00007ff9d6040000 - 0x00007ff9d6050000 	C:\Program Files\Java\jdk-23\bin\net.dll
0x00007ff9fde40000 - 0x00007ff9fdeaa000 	C:\windows\system32\mswsock.dll
0x00007ff9d02b0000 - 0x00007ff9d02c6000 	C:\Program Files\Java\jdk-23\bin\nio.dll
0x00007ff9caba0000 - 0x00007ff9cabb7000 	C:\Program Files\Java\jdk-23\bin\zip.dll
0x00007ff9d4d40000 - 0x00007ff9d4d50000 	C:\Program Files\Java\jdk-23\bin\verify.dll
0x00007ff9d4a30000 - 0x00007ff9d4a3e000 	C:\Program Files\Java\jdk-23\bin\sunmscapi.dll
0x00007ff9ff190000 - 0x00007ff9ff2f6000 	C:\windows\System32\CRYPT32.dll
0x00007ff9fe2c0000 - 0x00007ff9fe2ed000 	C:\windows\SYSTEM32\ncrypt.dll
0x00007ff9fe280000 - 0x00007ff9fe2b7000 	C:\windows\SYSTEM32\NTASN1.dll
0x00007ff9fe0a0000 - 0x00007ff9fe0bb000 	C:\windows\SYSTEM32\CRYPTSP.dll
0x00007ff9fd920000 - 0x00007ff9fd955000 	C:\windows\system32\rsaenh.dll
0x00007ff9fdf30000 - 0x00007ff9fdf58000 	C:\windows\SYSTEM32\USERENV.dll
0x00007ff9fe090000 - 0x00007ff9fe09c000 	C:\windows\SYSTEM32\CRYPTBASE.dll
0x00007ff9fd400000 - 0x00007ff9fd42d000 	C:\windows\SYSTEM32\IPHLPAPI.DLL
0x00007ff9ff8f0000 - 0x00007ff9ff8f9000 	C:\windows\System32\NSI.dll
0x00007ff9fd430000 - 0x00007ff9fd532000 	C:\windows\SYSTEM32\DNSAPI.dll
0x00007ff9f8980000 - 0x00007ff9f898a000 	C:\Windows\System32\rasadhlp.dll
0x00007ff9f6120000 - 0x00007ff9f61a3000 	C:\windows\System32\fwpuclnt.dll
0x00007ff9d3cb0000 - 0x00007ff9d3cb9000 	C:\Program Files\Java\jdk-23\bin\extnet.dll
0x00007ff9c67d0000 - 0x00007ff9c67f4000 	C:\Users\bala0\AppData\Local\Temp\jansi-2.4.1-7f6a0c9898d6967c-jansi.dll
0x00007ff9bb120000 - 0x00007ff9bb165000 	C:\Users\bala0\AppData\Local\Temp\jna-93501628\jna18374162774482887910.dll
0x00007ffa00540000 - 0x00007ffa00548000 	C:\windows\System32\PSAPI.DLL
0x00007ff9d1c70000 - 0x00007ff9d1c7a000 	C:\Program Files\Java\jdk-23\bin\management.dll
0x00007ff9d1780000 - 0x00007ff9d178b000 	C:\Program Files\Java\jdk-23\bin\management_ext.dll
0x00007ff9cc130000 - 0x00007ff9cc138000 	C:\windows\system32\wshunix.dll
0x00007ff9ac080000 - 0x00007ff9ac20e000 	C:\Program Files\Java\jdk-23\bin\awt.dll
0x00007ff9fbab0000 - 0x00007ff9fbb47000 	C:\windows\SYSTEM32\apphelp.dll
0x00007ff9fbe10000 - 0x00007ff9fbec1000 	C:\windows\system32\uxtheme.dll
0x00007ff9ff700000 - 0x00007ff9ff85f000 	C:\windows\System32\MSCTF.dll
0x00007ff9fd780000 - 0x00007ff9fd794000 	C:\windows\system32\Wtsapi32.dll
0x00007ff9fe1e0000 - 0x00007ff9fe246000 	C:\windows\SYSTEM32\WINSTA.dll
0x00007ff9f9a40000 - 0x00007ff9f9b46000 	C:\windows\SYSTEM32\PROPSYS.dll
0x00007ff9e39d0000 - 0x00007ff9e3bc5000 	C:\windows\SYSTEM32\urlmon.dll
0x00007ff9e36b0000 - 0x00007ff9e36d8000 	C:\windows\SYSTEM32\srvcli.dll
0x00007ff9fd3f0000 - 0x00007ff9fd3fc000 	C:\windows\SYSTEM32\netutils.dll
0x00007ff9e36e0000 - 0x00007ff9e399f000 	C:\windows\SYSTEM32\iertutil.dll
0x00007ffa015e0000 - 0x00007ffa01690000 	C:\windows\System32\clbcatq.dll
0x00007ff9e8cb0000 - 0x00007ff9e8cd1000 	C:\Windows\System32\Windows.Shell.ServiceHostBuilder.dll
0x00007ff9f5140000 - 0x00007ff9f576f000 	C:\Windows\System32\OneCoreUAPCommonProxyStub.dll
0x00007ff9f1400000 - 0x00007ff9f153d000 	C:\Windows\System32\Windows.System.Launcher.dll
0x00007ff9f9dc0000 - 0x00007ff9f9e53000 	C:\Windows\System32\msvcp110_win.dll
0x00007ff9f5ee0000 - 0x00007ff9f5efa000 	C:\windows\SYSTEM32\windows.staterepositorycore.dll
0x00007ff9b36f0000 - 0x00007ff9b3ec1000 	C:\Windows\System32\ieframe.dll
0x00007ff9f8c20000 - 0x00007ff9f8d4c000 	C:\Windows\System32\WINHTTP.dll
0x00007ff9e7c30000 - 0x00007ff9e7c74000 	C:\windows\SYSTEM32\msIso.dll
0x00007ff9fd7a0000 - 0x00007ff9fd7ac000 	C:\windows\SYSTEM32\Secur32.dll
0x00007ff9fdc20000 - 0x00007ff9fdc63000 	C:\windows\SYSTEM32\SSPICLI.DLL
0x00007ff9f76c0000 - 0x00007ff9f7702000 	C:\windows\SYSTEM32\MLANG.dll
0x00007ff9e4d70000 - 0x00007ff9e526e000 	C:\windows\SYSTEM32\WININET.dll
0x00007ff9dc6c0000 - 0x00007ff9dc6e8000 	C:\windows\SYSTEM32\edputil.dll
0x00007ff9fe5f0000 - 0x00007ff9fe63e000 	C:\windows\SYSTEM32\CFGMGR32.dll

dbghelp: loaded successfully - version: 4.0.5 - missing functions: none
symbol engine: initialized successfully - sym options: 0x614 - pdb path: .;C:\Program Files\Java\jdk-23\bin;C:\windows\SYSTEM32;C:\windows\WinSxS\amd64_microsoft.windows.common-controls_6595b64144ccf1df_6.0.22621.4830_none_270fe7d773858e80;C:\Program Files\Java\jdk-23\bin\server;C:\Users\bala0\AppData\Local\Temp;C:\Users\bala0\AppData\Local\Temp\jna-93501628

VM Arguments:
java_command: maestro.cli.AppKt studio
java_class_path (initial): C:\Users\bala0\.maestro\lib\alpn-api-1.1.3.v20160715.jar;C:\Users\bala0\.maestro\lib\animal-sniffer-annotations-1.21.jar;C:\Users\bala0\.maestro\lib\annotations-23.0.0.jar;C:\Users\bala0\.maestro\lib\annotations-4.1.1.4.jar;C:\Users\bala0\.maestro\lib\apiguardian-api-1.1.0.jar;C:\Users\bala0\.maestro\lib\apk-parser-2.6.10.jar;C:\Users\bala0\.maestro\lib\appdirs-1.2.1.jar;C:\Users\bala0\.maestro\lib\auto-service-annotations-1.1.1.jar;C:\Users\bala0\.maestro\lib\axml-2.1.2.jar;C:\Users\bala0\.maestro\lib\byte-buddy-1.15.7.jar;C:\Users\bala0\.maestro\lib\checker-qual-3.43.0.jar;C:\Users\bala0\.maestro\lib\clikt-jvm.jar;C:\Users\bala0\.maestro\lib\colormath-jvm.jar;C:\Users\bala0\.maestro\lib\commons-codec-1.17.0.jar;C:\Users\bala0\.maestro\lib\commons-compress-1.21.jar;C:\Users\bala0\.maestro\lib\commons-exec-1.4.0.jar;C:\Users\bala0\.maestro\lib\commons-io-2.16.1.jar;C:\Users\bala0\.maestro\lib\config-1.4.2.jar;C:\Users\bala0\.maestro\lib\dadb-1.2.9.jar;C:\Users\bala0\.maestro\lib\error_prone_annotations-2.28.0.jar;C:\Users\bala0\.maestro\lib\failsafe-3.3.2.jar;C:\Users\bala0\.maestro\lib\failureaccess-1.0.2.jar;C:\Users\bala0\.maestro\lib\fastutil-core-8.5.12.jar;C:\Users\bala0\.maestro\lib\graal-sdk-22.0.0.jar;C:\Users\bala0\.maestro\lib\grpc-api-1.57.2.jar;C:\Users\bala0\.maestro\lib\grpc-core-1.50.2.jar;C:\Users\bala0\.maestro\lib\grpc-kotlin-stub-1.4.1.jar;C:\Users\bala0\.maestro\lib\grpc-netty-1.50.2.jar;C:\Users\bala0\.maestro\lib\grpc-okhttp-1.50.2.jar;C:\Users\bala0\.maestro\lib\grpc-protobuf-1.50.2.jar;C:\Users\bala0\.maestro\lib\grpc-protobuf-lite-1.50.2.jar;C:\Users\bala0\.maestro\lib\grpc-stub-1.57.2.jar;C:\Users\bala0\.maestro\lib\gson-2.11.0.jar;C:\Users\bala0\.maestro\lib\guava-33.3.1-jre.jar;C:\Users\bala0\.maestro\lib\HdrHistogram-2.2.2.jar;C:\Users\bala0\.maestro\lib\image-comparison-4.4.0.jar;C:\Users\bala0\.maestro\lib\j2objc-annotations-3.0.0.jar;C:\Users\bala0\.maestro\lib\jackson-annotations-2.17.1.jar;C:\Users\bala0\.maestro\lib\jackson-core-2.17.1.jar;C:\Users\bala0\.maestro\lib\jackson-databind-2.17.1.jar;C:\Users\bala0\.maestro\lib\jackson-dataformat-xml-2.17.1.jar;C:\Users\bala0\.maestro\lib\jackson-dataformat-yaml-2.17.1.jar;C:\Users\bala0\.maestro\lib\jackson-datatype-jsr310-2.17.1.jar;C:\Users\bala0\.maestro\lib\jackson-module-kotlin-2.17.1.jar;C:\Users\bala0\.maestro\lib\jansi-2.4.1.jar;C:\Users\bala0\.maestro\lib\jarchivelib-1.2.0.jar;C:\Users\bala0\.maestro\lib\javax.annotation-api-1.3.2.jar;C:\Users\bala0\.maestro\lib\jcodec-0.2.5.jar;C:\Users\bala0\.maestro\lib\jcodec-javase-0.2.5.jar;C:\Users\bala0\.maestro\lib\jna-5.13.0.jar;C:\Users\bala0\.maestro\lib\jna-platform-5.6.0.jar;C:\Users\bala0\.maestro\lib\js-22.0.0.jar;C:\Users\bala0\.maestro\lib\jspecify-1.0.0.jar;C:\Users\bala0\.maestro\lib\jsr305-3.0.2.jar;C:\Users\bala0\.maestro\lib\junit-jupiter-5.7.2.jar;C:\Users\bala0\.maestro\lib\junit-jupiter-api-5.7.2.jar;C:\Users\bala0\.maestro\lib\junit-jupiter-engine-5.7.2.jar;C:\Users\bala0\.maestro\lib\junit-jupiter-params-5.7.2.jar;C:\Users\bala0\.maestro\lib\junit-platform-commons-1.7.2.jar;C:\Users\bala0\.maestro\lib\junit-platform-console-1.7.2.jar;C:\Users\bala0\.maestro\lib\junit-platform-engine-1.7.2.jar;C:\Users\bala0\.maestro\lib\junit-platform-launcher-1.7.2.jar;C:\Users\bala0\.maestro\lib\junit-platform-native-0.9.5.jar;C:\Users\bala0\.maestro\lib\junit-platform-reporting-1.7.2.jar;C:\Users\bala0\.maestro\lib\kotlin-reflect-1.8.22.jar;C:\Users\bala0\.maestro\lib\kotlin-result-jvm-1.1.18.jar;C:\Users\bala0\.maestro\lib\kotlin-stdlib-1.9.21.jar;C:\Users\bala0\.maestro\lib\kotlin-stdlib-jdk7-1.9.10.jar;C:\Users\bala0\.maestro\lib\kotlin-stdlib-jdk8-1.9.10.jar;C:\Users\bala0\.maestro\lib\kotlinx-coroutines-core-jvm-1.8.0.jar;C:\Users\bala0\.maestro\lib\kotlinx-coroutines-jdk8-1.8.0.jar;C:\Users\bala0\.maestro\lib\kotlinx-coroutines-slf4j-1.8.0.jar;C:\Users\bala0\.maestro\lib\kotlinx-html-jvm-0.8.0.jar;C:\Users\bala0\.maestro\lib\kotlinx-serialization-core-jvm-1.5.1.jar;C:\Users\bala0\.maestro\lib\kotlinx-serialization-json-jvm-1.5.1.jar;C:\Users\bala0\.maestro\lib\ktor-client-cio-jvm-2.3.6.jar;C:\Users\bala0\.maestro\lib\ktor-client-content-negotiation-jvm-2.3.6.jar;C:\Users\bala0\.maestro\lib\ktor-client-core-jvm-2.3.6.jar;C:\Users\bala0\.maestro\lib\ktor-events-jvm-2.3.6.jar;C:\Users\bala0\.maestro\lib\ktor-http-cio-jvm-2.3.6.jar;C:\Users\bala0\.maestro\lib\ktor-http-jvm-2.3.6.jar;C:\Users\bala0\.maestro\lib\ktor-io-jvm-2.3.6.jar;C:\Users\bala0\.maestro\lib\ktor-network-jvm-2.3.6.jar;C:\Users\bala0\.maestro\lib\ktor-network-tls-jvm-2.3.6.jar;C:\Users\bala0\.maestro\lib\ktor-serialization-jvm-2.3.6.jar;C:\Users\bala0\.maestro\lib\ktor-serialization-kotlinx-json-jvm-2.3.6.jar;C:\Users\bala0\.maestro\lib\ktor-serialization-kotlinx-jvm-2.3.6.jar;C:\Users\bala0\.maestro\lib\ktor-server-core-jvm-2.3.6.jar;C:\Users\bala0\.maestro\lib\ktor-server-cors-jvm-2.3.6.jar;C:\Users\bala0\.maestro\lib\ktor-server-host-common-jvm-2.3.6.jar;C:\Users\bala0\.maestro\lib\ktor-server-netty-jvm-2.3.6.jar;C:\Users\bala0\.maestro\lib\ktor-server-status-pages-jvm-2.3.6.jar;C:\Users\bala0\.maestro\lib\ktor-utils-jvm-2.3.6.jar;C:\Users\bala0\.maestro\lib\ktor-websocket-serialization-jvm-2.3.6.jar;C:\Users\bala0\.maestro\lib\ktor-websockets-jvm-2.3.6.jar;C:\Users\bala0\.maestro\lib\LatencyUtils-2.0.3.jar;C:\Users\bala0\.maestro\lib\listenablefuture-9999.0-empty-to-avoid-conflict-with-guava.jar;C:\Users\bala0\.maestro\lib\logback-classic-1.2.6.jar;C:\Users\bala0\.maestro\lib\logback-core-1.2.6.jar;C:\Users\bala0\.maestro\lib\logging-interceptor-4.12.0.jar;C:\Users\bala0\.maestro\lib\maestro-ai-1.39.13.jar;C:\Users\bala0\.maestro\lib\maestro-cli-1.39.13.jar;C:\Users\bala0\.maestro\lib\maestro-client-1.39.13.jar;C:\Users\bala0\.maestro\lib\maestro-ios-1.39.13.jar;C:\Users\bala0\.maestro\lib\maestro-ios-driver-1.39.13.jar;C:\Users\bala0\.maestro\lib\maestro-orchestra-1.39.13.jar;C:\Users\bala0\.maestro\lib\maestro-orchestra-models-1.39.13.jar;C:\Users\bala0\.maestro\lib\maestro-utils-1.39.13.jar;C:\Users\bala0\.maestro\lib\maestro-web-1.39.13.jar;C:\Users\bala0\.maestro\lib\markdown-jvm-0.5.2.jar;C:\Users\bala0\.maestro\lib\micrometer-commons-1.13.4.jar;C:\Users\bala0\.maestro\lib\micrometer-core-1.13.4.jar;C:\Users\bala0\.maestro\lib\micrometer-observation-1.13.4.jar;C:\Users\bala0\.maestro\lib\mordant-jvm.jar;C:\Users\bala0\.maestro\lib\netty-buffer-4.1.97.Final.jar;C:\Users\bala0\.maestro\lib\netty-codec-4.1.97.Final.jar;C:\Users\bala0\.maestro\lib\netty-codec-http-4.1.97.Final.jar;C:\Users\bala0\.maestro\lib\netty-codec-http2-4.1.97.Final.jar;C:\Users\bala0\.maestro\lib\netty-codec-socks-4.1.79.Final.jar;C:\Users\bala0\.maestro\lib\netty-common-4.1.97.Final.jar;C:\Users\bala0\.maestro\lib\netty-handler-4.1.97.Final.jar;C:\Users\bala0\.maestro\lib\netty-handler-proxy-4.1.79.Final.jar;C:\Users\bala0\.maestro\lib\netty-resolver-4.1.97.Final.jar;C:\Users\bala0\.maestro\lib\netty-transport-4.1.97.Final.jar;C:\Users\bala0\.maestro\lib\netty-transport-classes-epoll-4.1.97.Final.jar;C:\Users\bala0\.maestro\lib\netty-transport-classes-kqueue-4.1.97.Final.jar;C:\Users\bala0\.maestro\lib\netty-transport-native-epoll-4.1.97.Final.jar;C:\Users\bala0\.maestro\lib\netty-transport-native-kqueue-4.1.97.Final.jar;C:\Users\bala0\.maestro\lib\netty-transport-native-unix-common-4.1.97.Final.jar;C:\Users\bala0\.maestro\lib\okhttp-4.12.0.jar;C:\Users\bala0\.maestro\lib\okio-jvm-3.8.0.jar;C:\Users\bala0\.maestro\lib\opentelemetry-api-1.43.0.jar;C:\Users\bala0\.maestro\lib\opentelemetry-api-incubator-1.43.0-alpha.jar;C:\Users\bala0\.maestro\lib\opentelemetry-context-1.43.0.jar;C:\Users\bala0\.maestro\lib\opentelemetry-exporter-logging-1.43.0.jar;C:\Users\bala0\.maestro\lib\opentelemetry-sdk-1.43.0.jar;C:\Users\bala0\.maestro\lib\opentelemetry-sdk-common-1.43.0.jar;C:\Users\bala0\.maestro\lib\opentelemetry-sdk-extension-autoconfigure-1.43.0.jar;C:\Users\bala0\.maestro\lib\opentelemetry-sdk-extension-autoconfigure-spi-1.43.0.jar;C:\Users\bala0\.maestro\lib\opentelemetry-sdk-logs-1.43.0.jar;C:\Users\bala0\.maestro\lib\opentelemetry-sdk-metrics-1.43.0.jar;C:\Users\bala0\.maestro\lib\opentelemetry-sdk-trace-1.43.0.jar;C:\Users\bala0\.maestro\lib\opentelemetry-semconv-1.25.0-alpha.jar;C:\Users\bala0\.maestro\lib\opentest4j-1.2.0.jar;C:\Users\bala0\.maestro\lib\perfmark-api-0.25.0.jar;C:\Users\bala0\.maestro\lib\picocli-4.6.3.jar;C:\Users\bala0\.maestro\lib\proto-google-common-protos-2.9.0.jar;C:\Users\bala0\.maestro\lib\protobuf-java-3.21.9.jar;C:\Users\bala0\.maestro\lib\protobuf-kotlin-3.21.9.jar;C:\Users\bala0\.maestro\lib\regex-22.0.0.jar;C:\Users\bala0\.maestro\lib\rhino-1.7.14.jar;C:\Users\bala0\.maestro\lib\selenium-api-4.26.0.jar;C:\Users\bala0\.maestro\lib\selenium-chrome-driver-4.26.0.jar;C:\Users\bala0\.maestro\lib\selenium-chromium-driver-4.26.0.jar;C:\Users\bala0\.maestro\lib\selenium-devtools-v128-4.26.0.jar;C:\Users\bala0\.maestro\lib\selenium-devtools-v129-4.26.0.jar;C:\Users\bala0\.maestro\lib\selenium-devtools-v130-4.26.0.jar;C:\Users\bala0\.maestro\lib\selenium-devtools-v85-4.26.0.jar;C:\Users\bala0\.maestro\lib\selenium-edge-driver-4.26.0.jar;C:\Users\bala0\.maestro\lib\selenium-firefox-driver-4.26.0.jar;C:\Users\bala0\.maestro\lib\selenium-http-4.26.0.jar;C:\Users\bala0\.maestro\lib\selenium-ie-driver-4.26.0.jar;C:\Users\bala0\.maestro\lib\selenium-java-4.26.0.jar;C:\Users\bala0\.maestro\lib\selenium-json-4.26.0.jar;C:\Users\bala0\.maestro\lib\selenium-manager-4.26.0.jar;C:\Users\bala0\.maestro\lib\selenium-os-4.26.0.jar;C:\Users\bala0\.maestro\lib\selenium-remote-driver-4.26.0.jar;C:\Users\bala0\.maestro\lib\selenium-safari-driver-4.26.0.jar;C:\Users\bala0\.maestro\lib\selenium-support-4.26.0.jar;C:\Users\bala0\.maestro\lib\server-1.39.13.jar;C:\Users\bala0\.maestro\lib\skiko-awt-0.8.18.jar;C:\Users\bala0\.maestro\lib\skiko-awt-runtime-linux-arm64-0.8.18.jar;C:\Users\bala0\.maestro\lib\skiko-awt-runtime-linux-x64-0.8.18.jar;C:\Users\bala0\.maestro\lib\skiko-awt-runtime-macos-arm64-0.8.18.jar;C:\Users\bala0\.maestro\lib\skiko-awt-runtime-macos-x64-0.8.18.jar;C:\Users\bala0\.maestro\lib\skiko-awt-runtime-windows-arm64-0.8.18.jar;C:\Users\bala0\.maestro\lib\skiko-awt-runtime-windows-x64-0.8.18.jar;C:\Users\bala0\.maestro\lib\slf4j-api-1.7.36.jar;C:\Users\bala0\.maestro\lib\snakeyaml-2.2.jar;C:\Users\bala0\.maestro\lib\stax2-api-4.2.2.jar;C:\Users\bala0\.maestro\lib\truffle-api-22.0.0.jar;C:\Users\bala0\.maestro\lib\woodstox-core-6.6.2.jar
Launcher Type: SUN_STANDARD

[Global flags]
     intx CICompilerCount                          = 4                                         {product} {ergonomic}
     uint ConcGCThreads                            = 3                                         {product} {ergonomic}
     uint G1ConcRefinementThreads                  = 10                                        {product} {ergonomic}
   size_t G1HeapRegionSize                         = 1048576                                   {product} {ergonomic}
   size_t InitialHeapSize                          = 123731968                                 {product} {ergonomic}
   size_t MarkStackSize                            = 4194304                                   {product} {ergonomic}
   size_t MarkStackSizeMax                         = 536870912                                 {product} {ergonomic}
   size_t MaxHeapSize                              = 1967128576                                {product} {ergonomic}
   size_t MaxNewSize                               = 1179648000                                {product} {ergonomic}
   size_t MinHeapDeltaBytes                        = 1048576                                   {product} {ergonomic}
   size_t MinHeapSize                              = 8388608                                   {product} {ergonomic}
    uintx NonNMethodCodeHeapSize                   = 5832704                                {pd product} {ergonomic}
    uintx NonProfiledCodeHeapSize                  = 122945536                              {pd product} {ergonomic}
    uintx ProfiledCodeHeapSize                     = 122880000                              {pd product} {ergonomic}
    uintx ReservedCodeCacheSize                    = 251658240                              {pd product} {ergonomic}
     bool SegmentedCodeCache                       = true                                      {product} {ergonomic}
   size_t SoftMaxHeapSize                          = 1967128576                             {manageable} {ergonomic}
     bool UseCompressedOops                        = true                           {product lp64_product} {ergonomic}
     bool UseG1GC                                  = true                                      {product} {ergonomic}
     bool UseLargePagesIndividualAllocation        = false                                  {pd product} {ergonomic}

Logging:
Log output configuration:
 #0: stdout all=warning uptime,level,tags foldmultilines=false
 #1: stderr all=off uptime,level,tags foldmultilines=false

Environment Variables:
JAVA_HOME=C:\Program Files\Java\jdk-23
CLASSPATH=C:\Users\bala0\.maestro\lib\*
PATH=C:\Program Files\Common Files\Oracle\Java\javapath;E:\oracle\product\10.2.0\db_1\bin;C:\windows\system32;C:\windows;C:\windows\System32\Wbem;C:\windows\System32\WindowsPowerShell\v1.0\;C:\windows\System32\OpenSSH\;C:\Program Files\nodejs\;C:\Program Files\Java\jdk-23\bin;C:\Users\bala0\.maestro\bin;C:\Users\bala0\AppData\Local\Android\Sdk;C:\Users\bala0\AppData\Local\Android\Sdk\platform-tools;C:\Program Files\Git\cmd;C:\Users\bala0\AppData\Local\Android\Sdk\emulator;C:\Users\bala0\AppData\Local\Android\Sdk\tools;C:\Users\bala0\AppData\Local\Android\Sdk\tools\bin;C:\Users\bala0\AppData\Local\Microsoft\WindowsApps;C:\Users\bala0\AppData\Local\Programs\Microsoft VS Code\bin;C:\Users\bala0\AppData\Roaming\npm;C:\Program Files\Git\bin;C:\Users\bala0\AppData\Local\GitHubDesktop\bin
USERNAME=bala0
OS=Windows_NT
PROCESSOR_IDENTIFIER=AMD64 Family 23 Model 104 Stepping 1, AuthenticAMD
TMP=C:\Users\bala0\AppData\Local\Temp
TEMP=C:\Users\bala0\AppData\Local\Temp




Periodic native trim disabled

---------------  S Y S T E M  ---------------

OS:
 Windows 11 , 64 bit Build 22621 (10.0.22621.4830)
OS uptime: 1 days 1:25 hours
Hyper-V role detected

CPU: total 12 (initial active 12) (12 cores per cpu, 2 threads per core) family 23 model 104 stepping 1 microcode 0x0, cx8, cmov, fxsr, ht, mmx, 3dnowpref, sse, sse2, sse3, ssse3, sse4a, sse4.1, sse4.2, popcnt, lzcnt, tsc, tscinvbit, avx, avx2, aes, clmul, bmi1, bmi2, adx, sha, fma, vzeroupper, clflush, clflushopt, hv, rdtscp, rdpid, f16c
Processor Information for the first 12 processors :
  Max Mhz: 2100, Current Mhz: 2100, Mhz Limit: 2100

Memory: 4k page, system-wide physical 7501M (413M free)
TotalPageFile size 29589M (AvailPageFile size 5M)
current process WorkingSet (physical memory assigned to process): 217M, peak: 224M
current process commit charge ("private bytes"): 312M, peak: 316M

vm_info: Java HotSpot(TM) 64-Bit Server VM (23.0.2+7-58) for windows-amd64 JRE (23.0.2+7-58), built on 2024-11-29T09:34:55Z with MS VC++ 17.6 (VS2022)

END.
